{"C:\\Users\\Maycon_2\\Documents\\BootCamp\\Nivel_3\\gobarberapp\\src\\components\\Button\\index.tsx": {"path":"C:\\Users\\Maycon_2\\Documents\\BootCamp\\Nivel_3\\gobarberapp\\src\\components\\Button\\index.tsx","statementMap":{"0":{"start":{"line":11,"column":38},"end":{"line":15,"column":1}},"1":{"start":{"line":12,"column":2},"end":{"line":14,"column":14}}},"fnMap":{"0":{"name":"(anonymous_0)","decl":{"start":{"line":11,"column":38},"end":{"line":11,"column":39}},"loc":{"start":{"line":12,"column":2},"end":{"line":14,"column":14}},"line":12}},"branchMap":{},"s":{"0":1,"1":1},"f":{"0":1},"b":{},"_coverageSchema":"43e27e138ebf9cfc5966b082cf9a028302ed4184","hash":"4a8e06d4d33cdfac8c13125826de07299a204640"}
,"C:\\Users\\Maycon_2\\Documents\\BootCamp\\Nivel_3\\gobarberapp\\src\\components\\Input\\index.tsx": {"path":"C:\\Users\\Maycon_2\\Documents\\BootCamp\\Nivel_3\\gobarberapp\\src\\components\\Input\\index.tsx","statementMap":{"0":{"start":{"line":28,"column":66},"end":{"line":94,"column":1}},"1":{"start":{"line":32,"column":26},"end":{"line":32,"column":43}},"2":{"start":{"line":34,"column":65},"end":{"line":34,"column":79}},"3":{"start":{"line":35,"column":24},"end":{"line":35,"column":76}},"4":{"start":{"line":37,"column":36},"end":{"line":37,"column":51}},"5":{"start":{"line":38,"column":34},"end":{"line":38,"column":49}},"6":{"start":{"line":40,"column":27},"end":{"line":42,"column":8}},"7":{"start":{"line":41,"column":4},"end":{"line":41,"column":23}},"8":{"start":{"line":44,"column":26},"end":{"line":48,"column":8}},"9":{"start":{"line":45,"column":4},"end":{"line":45,"column":24}},"10":{"start":{"line":47,"column":4},"end":{"line":47,"column":47}},"11":{"start":{"line":50,"column":2},"end":{"line":54,"column":6}},"12":{"start":{"line":50,"column":34},"end":{"line":54,"column":3}},"13":{"start":{"line":52,"column":6},"end":{"line":52,"column":38}},"14":{"start":{"line":56,"column":2},"end":{"line":71,"column":33}},"15":{"start":{"line":57,"column":4},"end":{"line":70,"column":7}},"16":{"start":{"line":62,"column":8},"end":{"line":62,"column":44}},"17":{"start":{"line":64,"column":8},"end":{"line":64,"column":64}},"18":{"start":{"line":67,"column":8},"end":{"line":67,"column":41}},"19":{"start":{"line":68,"column":8},"end":{"line":68,"column":40}},"20":{"start":{"line":73,"column":2},"end":{"line":93,"column":4}},"21":{"start":{"line":88,"column":10},"end":{"line":88,"column":46}}},"fnMap":{"0":{"name":"(anonymous_0)","decl":{"start":{"line":28,"column":66},"end":{"line":28,"column":67}},"loc":{"start":{"line":31,"column":5},"end":{"line":94,"column":1}},"line":31},"1":{"name":"(anonymous_1)","decl":{"start":{"line":40,"column":39},"end":{"line":40,"column":40}},"loc":{"start":{"line":40,"column":45},"end":{"line":42,"column":3}},"line":40},"2":{"name":"(anonymous_2)","decl":{"start":{"line":44,"column":38},"end":{"line":44,"column":39}},"loc":{"start":{"line":44,"column":44},"end":{"line":48,"column":3}},"line":44},"3":{"name":"(anonymous_3)","decl":{"start":{"line":50,"column":27},"end":{"line":50,"column":28}},"loc":{"start":{"line":50,"column":34},"end":{"line":54,"column":3}},"line":50},"4":{"name":"(anonymous_4)","decl":{"start":{"line":51,"column":4},"end":{"line":51,"column":5}},"loc":{"start":{"line":51,"column":12},"end":{"line":53,"column":5}},"line":51},"5":{"name":"(anonymous_5)","decl":{"start":{"line":56,"column":12},"end":{"line":56,"column":13}},"loc":{"start":{"line":56,"column":18},"end":{"line":71,"column":3}},"line":56},"6":{"name":"(anonymous_6)","decl":{"start":{"line":61,"column":6},"end":{"line":61,"column":7}},"loc":{"start":{"line":61,"column":32},"end":{"line":65,"column":7}},"line":61},"7":{"name":"(anonymous_7)","decl":{"start":{"line":66,"column":6},"end":{"line":66,"column":7}},"loc":{"start":{"line":66,"column":19},"end":{"line":69,"column":7}},"line":66},"8":{"name":"(anonymous_8)","decl":{"start":{"line":87,"column":22},"end":{"line":87,"column":23}},"loc":{"start":{"line":87,"column":31},"end":{"line":89,"column":9}},"line":87}},"branchMap":{"0":{"loc":{"start":{"line":29,"column":16},"end":{"line":29,"column":35}},"type":"default-arg","locations":[{"start":{"line":29,"column":33},"end":{"line":29,"column":35}}],"line":29},"1":{"loc":{"start":{"line":34,"column":25},"end":{"line":34,"column":42}},"type":"default-arg","locations":[{"start":{"line":34,"column":40},"end":{"line":34,"column":42}}],"line":34},"2":{"loc":{"start":{"line":78,"column":15},"end":{"line":78,"column":60}},"type":"cond-expr","locations":[{"start":{"line":78,"column":39},"end":{"line":78,"column":48}},{"start":{"line":78,"column":51},"end":{"line":78,"column":60}}],"line":78},"3":{"loc":{"start":{"line":78,"column":15},"end":{"line":78,"column":36}},"type":"binary-expr","locations":[{"start":{"line":78,"column":15},"end":{"line":78,"column":24}},{"start":{"line":78,"column":28},"end":{"line":78,"column":36}}],"line":78}},"s":{"0":1,"1":2,"2":2,"3":2,"4":2,"5":2,"6":2,"7":0,"8":2,"9":0,"10":0,"11":2,"12":1,"13":0,"14":2,"15":2,"16":0,"17":0,"18":0,"19":0,"20":2,"21":0},"f":{"0":2,"1":0,"2":0,"3":1,"4":0,"5":2,"6":0,"7":0,"8":0},"b":{"0":[2],"1":[2],"2":[0,2],"3":[2,2]},"_coverageSchema":"43e27e138ebf9cfc5966b082cf9a028302ed4184","hash":"dae8c36471fa4cbd8b4a2f7c2b27ad54019af8c8"}
,"C:\\Users\\Maycon_2\\Documents\\BootCamp\\Nivel_3\\gobarberapp\\src\\hooks\\auth.tsx": {"path":"C:\\Users\\Maycon_2\\Documents\\BootCamp\\Nivel_3\\gobarberapp\\src\\hooks\\auth.tsx","statementMap":{"0":{"start":{"line":36,"column":20},"end":{"line":36,"column":73}},"1":{"start":{"line":38,"column":31},"end":{"line":111,"column":1}},"2":{"start":{"line":41,"column":26},"end":{"line":41,"column":62}},"3":{"start":{"line":43,"column":32},"end":{"line":43,"column":46}},"4":{"start":{"line":45,"column":2},"end":{"line":63,"column":9}},"5":{"start":{"line":48,"column":28},"end":{"line":51,"column":8}},"6":{"start":{"line":54,"column":6},"end":{"line":58,"column":7}},"7":{"start":{"line":55,"column":8},"end":{"line":55,"column":66}},"8":{"start":{"line":57,"column":8},"end":{"line":57,"column":64}},"9":{"start":{"line":60,"column":6},"end":{"line":60,"column":24}},"10":{"start":{"line":62,"column":4},"end":{"line":62,"column":22}},"11":{"start":{"line":66,"column":17},"end":{"line":85,"column":8}},"12":{"start":{"line":69,"column":21},"end":{"line":72,"column":6}},"13":{"start":{"line":74,"column":28},"end":{"line":74,"column":41}},"14":{"start":{"line":77,"column":4},"end":{"line":80,"column":7}},"15":{"start":{"line":82,"column":4},"end":{"line":82,"column":59}},"16":{"start":{"line":84,"column":4},"end":{"line":84,"column":29}},"17":{"start":{"line":87,"column":18},"end":{"line":90,"column":8}},"18":{"start":{"line":88,"column":4},"end":{"line":88,"column":74}},"19":{"start":{"line":89,"column":4},"end":{"line":89,"column":29}},"20":{"start":{"line":92,"column":21},"end":{"line":102,"column":3}},"21":{"start":{"line":94,"column":6},"end":{"line":94,"column":73}},"22":{"start":{"line":96,"column":6},"end":{"line":99,"column":9}},"23":{"start":{"line":104,"column":2},"end":{"line":110,"column":4}},"24":{"start":{"line":114,"column":18},"end":{"line":114,"column":41}},"25":{"start":{"line":116,"column":2},"end":{"line":118,"column":3}},"26":{"start":{"line":117,"column":4},"end":{"line":117,"column":67}},"27":{"start":{"line":120,"column":2},"end":{"line":120,"column":17}}},"fnMap":{"0":{"name":"(anonymous_0)","decl":{"start":{"line":38,"column":31},"end":{"line":38,"column":32}},"loc":{"start":{"line":38,"column":49},"end":{"line":111,"column":1}},"line":38},"1":{"name":"(anonymous_1)","decl":{"start":{"line":45,"column":12},"end":{"line":45,"column":13}},"loc":{"start":{"line":45,"column":18},"end":{"line":63,"column":3}},"line":45},"2":{"name":"loadStorageData","decl":{"start":{"line":46,"column":19},"end":{"line":46,"column":34}},"loc":{"start":{"line":46,"column":52},"end":{"line":61,"column":5}},"line":46},"3":{"name":"(anonymous_3)","decl":{"start":{"line":66,"column":29},"end":{"line":66,"column":30}},"loc":{"start":{"line":66,"column":60},"end":{"line":85,"column":3}},"line":66},"4":{"name":"(anonymous_4)","decl":{"start":{"line":87,"column":30},"end":{"line":87,"column":31}},"loc":{"start":{"line":87,"column":42},"end":{"line":90,"column":3}},"line":87},"5":{"name":"(anonymous_5)","decl":{"start":{"line":93,"column":4},"end":{"line":93,"column":5}},"loc":{"start":{"line":93,"column":26},"end":{"line":100,"column":5}},"line":93},"6":{"name":"useAuth","decl":{"start":{"line":113,"column":9},"end":{"line":113,"column":16}},"loc":{"start":{"line":113,"column":36},"end":{"line":121,"column":1}},"line":113}},"branchMap":{"0":{"loc":{"start":{"line":54,"column":6},"end":{"line":58,"column":7}},"type":"if","locations":[{"start":{"line":54,"column":6},"end":{"line":58,"column":7}},{"start":{"line":54,"column":6},"end":{"line":58,"column":7}}],"line":54},"1":{"loc":{"start":{"line":54,"column":10},"end":{"line":54,"column":29}},"type":"binary-expr","locations":[{"start":{"line":54,"column":10},"end":{"line":54,"column":18}},{"start":{"line":54,"column":22},"end":{"line":54,"column":29}}],"line":54},"2":{"loc":{"start":{"line":116,"column":2},"end":{"line":118,"column":3}},"type":"if","locations":[{"start":{"line":116,"column":2},"end":{"line":118,"column":3}},{"start":{"line":116,"column":2},"end":{"line":118,"column":3}}],"line":116}},"s":{"0":1,"1":1,"2":0,"3":0,"4":0,"5":0,"6":0,"7":0,"8":0,"9":0,"10":0,"11":0,"12":0,"13":0,"14":0,"15":0,"16":0,"17":0,"18":0,"19":0,"20":0,"21":0,"22":0,"23":0,"24":1,"25":1,"26":0,"27":1},"f":{"0":0,"1":0,"2":0,"3":0,"4":0,"5":0,"6":1},"b":{"0":[0,0],"1":[0,0],"2":[0,1]},"_coverageSchema":"43e27e138ebf9cfc5966b082cf9a028302ed4184","hash":"ab9d82421cda506fdbf3a2395ca20e031cf733ec"}
,"C:\\Users\\Maycon_2\\Documents\\BootCamp\\Nivel_3\\gobarberapp\\src\\pages\\AppointmentCreated\\index.tsx": {"path":"C:\\Users\\Maycon_2\\Documents\\BootCamp\\Nivel_3\\gobarberapp\\src\\pages\\AppointmentCreated\\index.tsx","statementMap":{"0":{"start":{"line":19,"column":37},"end":{"line":50,"column":1}},"1":{"start":{"line":20,"column":20},"end":{"line":20,"column":35}},"2":{"start":{"line":21,"column":21},"end":{"line":21,"column":31}},"3":{"start":{"line":23,"column":19},"end":{"line":23,"column":40}},"4":{"start":{"line":25,"column":26},"end":{"line":30,"column":13}},"5":{"start":{"line":26,"column":4},"end":{"line":29,"column":7}},"6":{"start":{"line":32,"column":24},"end":{"line":36,"column":12}},"7":{"start":{"line":33,"column":4},"end":{"line":35,"column":7}},"8":{"start":{"line":38,"column":2},"end":{"line":49,"column":4}}},"fnMap":{"0":{"name":"(anonymous_0)","decl":{"start":{"line":19,"column":37},"end":{"line":19,"column":38}},"loc":{"start":{"line":19,"column":43},"end":{"line":50,"column":1}},"line":19},"1":{"name":"(anonymous_1)","decl":{"start":{"line":25,"column":38},"end":{"line":25,"column":39}},"loc":{"start":{"line":25,"column":44},"end":{"line":30,"column":3}},"line":25},"2":{"name":"(anonymous_2)","decl":{"start":{"line":32,"column":32},"end":{"line":32,"column":33}},"loc":{"start":{"line":32,"column":38},"end":{"line":36,"column":3}},"line":32}},"branchMap":{},"s":{"0":0,"1":0,"2":0,"3":0,"4":0,"5":0,"6":0,"7":0,"8":0},"f":{"0":0,"1":0,"2":0},"b":{},"hash":"192b0e3bb768226249ff970f29cdca5e9b153e0a"}
,"C:\\Users\\Maycon_2\\Documents\\BootCamp\\Nivel_3\\gobarberapp\\src\\pages\\CreateAppointment\\index.tsx": {"path":"C:\\Users\\Maycon_2\\Documents\\BootCamp\\Nivel_3\\gobarberapp\\src\\pages\\CreateAppointment\\index.tsx","statementMap":{"0":{"start":{"line":51,"column":36},"end":{"line":277,"column":1}},"1":{"start":{"line":52,"column":16},"end":{"line":52,"column":26}},"2":{"start":{"line":53,"column":22},"end":{"line":53,"column":49}},"3":{"start":{"line":54,"column":19},"end":{"line":54,"column":28}},"4":{"start":{"line":55,"column":31},"end":{"line":55,"column":46}},"5":{"start":{"line":57,"column":36},"end":{"line":57,"column":60}},"6":{"start":{"line":58,"column":50},"end":{"line":60,"column":3}},"7":{"start":{"line":61,"column":46},"end":{"line":61,"column":61}},"8":{"start":{"line":62,"column":42},"end":{"line":62,"column":62}},"9":{"start":{"line":63,"column":42},"end":{"line":63,"column":74}},"10":{"start":{"line":65,"column":2},"end":{"line":69,"column":9}},"11":{"start":{"line":66,"column":4},"end":{"line":68,"column":7}},"12":{"start":{"line":67,"column":6},"end":{"line":67,"column":34}},"13":{"start":{"line":71,"column":23},"end":{"line":73,"column":14}},"14":{"start":{"line":72,"column":4},"end":{"line":72,"column":13}},"15":{"start":{"line":75,"column":31},"end":{"line":77,"column":8}},"16":{"start":{"line":76,"column":4},"end":{"line":76,"column":36}},"17":{"start":{"line":79,"column":33},"end":{"line":81,"column":8}},"18":{"start":{"line":80,"column":4},"end":{"line":80,"column":39}},"19":{"start":{"line":80,"column":31},"end":{"line":80,"column":37}},"20":{"start":{"line":83,"column":28},"end":{"line":91,"column":8}},"21":{"start":{"line":84,"column":4},"end":{"line":86,"column":5}},"22":{"start":{"line":85,"column":6},"end":{"line":85,"column":31}},"23":{"start":{"line":88,"column":4},"end":{"line":90,"column":5}},"24":{"start":{"line":89,"column":6},"end":{"line":89,"column":28}},"25":{"start":{"line":93,"column":42},"end":{"line":93,"column":53}},"26":{"start":{"line":95,"column":2},"end":{"line":107,"column":39}},"27":{"start":{"line":96,"column":4},"end":{"line":106,"column":9}},"28":{"start":{"line":105,"column":8},"end":{"line":105,"column":39}},"29":{"start":{"line":109,"column":30},"end":{"line":117,"column":20}},"30":{"start":{"line":110,"column":4},"end":{"line":116,"column":10}},"31":{"start":{"line":111,"column":28},"end":{"line":111,"column":37}},"32":{"start":{"line":112,"column":37},"end":{"line":116,"column":7}},"33":{"start":{"line":119,"column":32},"end":{"line":127,"column":20}},"34":{"start":{"line":120,"column":4},"end":{"line":126,"column":10}},"35":{"start":{"line":121,"column":28},"end":{"line":121,"column":38}},"36":{"start":{"line":122,"column":37},"end":{"line":126,"column":7}},"37":{"start":{"line":129,"column":27},"end":{"line":131,"column":8}},"38":{"start":{"line":130,"column":4},"end":{"line":130,"column":26}},"39":{"start":{"line":133,"column":34},"end":{"line":152,"column":62}},"40":{"start":{"line":134,"column":4},"end":{"line":151,"column":5}},"41":{"start":{"line":135,"column":19},"end":{"line":135,"column":41}},"42":{"start":{"line":137,"column":6},"end":{"line":137,"column":34}},"43":{"start":{"line":138,"column":6},"end":{"line":138,"column":25}},"44":{"start":{"line":140,"column":6},"end":{"line":143,"column":9}},"45":{"start":{"line":145,"column":6},"end":{"line":145,"column":63}},"46":{"start":{"line":147,"column":6},"end":{"line":150,"column":8}},"47":{"start":{"line":154,"column":2},"end":{"line":276,"column":4}},"48":{"start":{"line":184,"column":38},"end":{"line":184,"column":49}},"49":{"start":{"line":186,"column":14},"end":{"line":200,"column":34}},"50":{"start":{"line":187,"column":31},"end":{"line":187,"column":64}},"51":{"start":{"line":233,"column":16},"end":{"line":243,"column":23}},"52":{"start":{"line":238,"column":33},"end":{"line":238,"column":55}},"53":{"start":{"line":254,"column":18},"end":{"line":264,"column":25}},"54":{"start":{"line":259,"column":35},"end":{"line":259,"column":57}}},"fnMap":{"0":{"name":"(anonymous_0)","decl":{"start":{"line":51,"column":36},"end":{"line":51,"column":37}},"loc":{"start":{"line":51,"column":42},"end":{"line":277,"column":1}},"line":51},"1":{"name":"(anonymous_1)","decl":{"start":{"line":65,"column":12},"end":{"line":65,"column":13}},"loc":{"start":{"line":65,"column":18},"end":{"line":69,"column":3}},"line":65},"2":{"name":"(anonymous_2)","decl":{"start":{"line":66,"column":30},"end":{"line":66,"column":31}},"loc":{"start":{"line":66,"column":42},"end":{"line":68,"column":5}},"line":66},"3":{"name":"(anonymous_3)","decl":{"start":{"line":71,"column":35},"end":{"line":71,"column":36}},"loc":{"start":{"line":71,"column":41},"end":{"line":73,"column":3}},"line":71},"4":{"name":"(anonymous_4)","decl":{"start":{"line":75,"column":43},"end":{"line":75,"column":44}},"loc":{"start":{"line":75,"column":67},"end":{"line":77,"column":3}},"line":75},"5":{"name":"(anonymous_5)","decl":{"start":{"line":79,"column":45},"end":{"line":79,"column":46}},"loc":{"start":{"line":79,"column":51},"end":{"line":81,"column":3}},"line":79},"6":{"name":"(anonymous_6)","decl":{"start":{"line":80,"column":22},"end":{"line":80,"column":23}},"loc":{"start":{"line":80,"column":31},"end":{"line":80,"column":37}},"line":80},"7":{"name":"(anonymous_7)","decl":{"start":{"line":83,"column":40},"end":{"line":83,"column":41}},"loc":{"start":{"line":83,"column":71},"end":{"line":91,"column":3}},"line":83},"8":{"name":"(anonymous_8)","decl":{"start":{"line":95,"column":12},"end":{"line":95,"column":13}},"loc":{"start":{"line":95,"column":18},"end":{"line":107,"column":3}},"line":95},"9":{"name":"(anonymous_9)","decl":{"start":{"line":104,"column":12},"end":{"line":104,"column":13}},"loc":{"start":{"line":104,"column":24},"end":{"line":106,"column":7}},"line":104},"10":{"name":"(anonymous_10)","decl":{"start":{"line":109,"column":38},"end":{"line":109,"column":39}},"loc":{"start":{"line":109,"column":44},"end":{"line":117,"column":3}},"line":109},"11":{"name":"(anonymous_11)","decl":{"start":{"line":111,"column":14},"end":{"line":111,"column":15}},"loc":{"start":{"line":111,"column":28},"end":{"line":111,"column":37}},"line":111},"12":{"name":"(anonymous_12)","decl":{"start":{"line":112,"column":11},"end":{"line":112,"column":12}},"loc":{"start":{"line":112,"column":37},"end":{"line":116,"column":7}},"line":112},"13":{"name":"(anonymous_13)","decl":{"start":{"line":119,"column":40},"end":{"line":119,"column":41}},"loc":{"start":{"line":119,"column":46},"end":{"line":127,"column":3}},"line":119},"14":{"name":"(anonymous_14)","decl":{"start":{"line":121,"column":14},"end":{"line":121,"column":15}},"loc":{"start":{"line":121,"column":28},"end":{"line":121,"column":38}},"line":121},"15":{"name":"(anonymous_15)","decl":{"start":{"line":122,"column":11},"end":{"line":122,"column":12}},"loc":{"start":{"line":122,"column":37},"end":{"line":126,"column":7}},"line":122},"16":{"name":"(anonymous_16)","decl":{"start":{"line":129,"column":39},"end":{"line":129,"column":40}},"loc":{"start":{"line":129,"column":57},"end":{"line":131,"column":3}},"line":129},"17":{"name":"(anonymous_17)","decl":{"start":{"line":133,"column":46},"end":{"line":133,"column":47}},"loc":{"start":{"line":133,"column":58},"end":{"line":152,"column":3}},"line":133},"18":{"name":"(anonymous_18)","decl":{"start":{"line":184,"column":26},"end":{"line":184,"column":27}},"loc":{"start":{"line":184,"column":38},"end":{"line":184,"column":49}},"line":184},"19":{"name":"(anonymous_19)","decl":{"start":{"line":185,"column":24},"end":{"line":185,"column":25}},"loc":{"start":{"line":186,"column":14},"end":{"line":200,"column":34}},"line":186},"20":{"name":"(anonymous_20)","decl":{"start":{"line":187,"column":25},"end":{"line":187,"column":26}},"loc":{"start":{"line":187,"column":31},"end":{"line":187,"column":64}},"line":187},"21":{"name":"(anonymous_21)","decl":{"start":{"line":232,"column":39},"end":{"line":232,"column":40}},"loc":{"start":{"line":233,"column":16},"end":{"line":243,"column":23}},"line":233},"22":{"name":"(anonymous_22)","decl":{"start":{"line":238,"column":27},"end":{"line":238,"column":28}},"loc":{"start":{"line":238,"column":33},"end":{"line":238,"column":55}},"line":238},"23":{"name":"(anonymous_23)","decl":{"start":{"line":253,"column":16},"end":{"line":253,"column":17}},"loc":{"start":{"line":254,"column":18},"end":{"line":264,"column":25}},"line":254},"24":{"name":"(anonymous_24)","decl":{"start":{"line":259,"column":29},"end":{"line":259,"column":30}},"loc":{"start":{"line":259,"column":35},"end":{"line":259,"column":57}},"line":259}},"branchMap":{"0":{"loc":{"start":{"line":84,"column":4},"end":{"line":86,"column":5}},"type":"if","locations":[{"start":{"line":84,"column":4},"end":{"line":86,"column":5}},{"start":{"line":84,"column":4},"end":{"line":86,"column":5}}],"line":84},"1":{"loc":{"start":{"line":88,"column":4},"end":{"line":90,"column":5}},"type":"if","locations":[{"start":{"line":88,"column":4},"end":{"line":90,"column":5}},{"start":{"line":88,"column":4},"end":{"line":90,"column":5}}],"line":88},"2":{"loc":{"start":{"line":166,"column":14},"end":{"line":167,"column":69}},"type":"binary-expr","locations":[{"start":{"line":166,"column":14},"end":{"line":166,"column":29}},{"start":{"line":167,"column":14},"end":{"line":167,"column":69}}],"line":166},"3":{"loc":{"start":{"line":193,"column":22},"end":{"line":194,"column":77}},"type":"binary-expr","locations":[{"start":{"line":193,"column":22},"end":{"line":193,"column":41}},{"start":{"line":194,"column":22},"end":{"line":194,"column":77}}],"line":193},"4":{"loc":{"start":{"line":214,"column":11},"end":{"line":222,"column":11}},"type":"binary-expr","locations":[{"start":{"line":214,"column":11},"end":{"line":214,"column":25}},{"start":{"line":215,"column":12},"end":{"line":221,"column":14}}],"line":214}},"s":{"0":0,"1":0,"2":0,"3":0,"4":0,"5":0,"6":0,"7":0,"8":0,"9":0,"10":0,"11":0,"12":0,"13":0,"14":0,"15":0,"16":0,"17":0,"18":0,"19":0,"20":0,"21":0,"22":0,"23":0,"24":0,"25":0,"26":0,"27":0,"28":0,"29":0,"30":0,"31":0,"32":0,"33":0,"34":0,"35":0,"36":0,"37":0,"38":0,"39":0,"40":0,"41":0,"42":0,"43":0,"44":0,"45":0,"46":0,"47":0,"48":0,"49":0,"50":0,"51":0,"52":0,"53":0,"54":0},"f":{"0":0,"1":0,"2":0,"3":0,"4":0,"5":0,"6":0,"7":0,"8":0,"9":0,"10":0,"11":0,"12":0,"13":0,"14":0,"15":0,"16":0,"17":0,"18":0,"19":0,"20":0,"21":0,"22":0,"23":0,"24":0},"b":{"0":[0,0],"1":[0,0],"2":[0,0],"3":[0,0],"4":[0,0]},"hash":"54888ed19faffc1dc0224895d077afcb7e83ac43"}
,"C:\\Users\\Maycon_2\\Documents\\BootCamp\\Nivel_3\\gobarberapp\\src\\pages\\Dashboard\\index.tsx": {"path":"C:\\Users\\Maycon_2\\Documents\\BootCamp\\Nivel_3\\gobarberapp\\src\\pages\\Dashboard\\index.tsx","statementMap":{"0":{"start":{"line":32,"column":28},"end":{"line":112,"column":1}},"1":{"start":{"line":33,"column":36},"end":{"line":33,"column":60}},"2":{"start":{"line":35,"column":28},"end":{"line":35,"column":37}},"3":{"start":{"line":36,"column":23},"end":{"line":36,"column":38}},"4":{"start":{"line":38,"column":2},"end":{"line":42,"column":9}},"5":{"start":{"line":39,"column":4},"end":{"line":41,"column":7}},"6":{"start":{"line":40,"column":6},"end":{"line":40,"column":34}},"7":{"start":{"line":44,"column":28},"end":{"line":46,"column":16}},"8":{"start":{"line":45,"column":4},"end":{"line":45,"column":24}},"9":{"start":{"line":48,"column":26},"end":{"line":50,"column":15}},"10":{"start":{"line":49,"column":4},"end":{"line":49,"column":14}},"11":{"start":{"line":52,"column":38},"end":{"line":57,"column":3}},"12":{"start":{"line":54,"column":6},"end":{"line":54,"column":52}},"13":{"start":{"line":59,"column":2},"end":{"line":111,"column":4}},"14":{"start":{"line":88,"column":34},"end":{"line":88,"column":45}},"15":{"start":{"line":90,"column":10},"end":{"line":107,"column":30}},"16":{"start":{"line":91,"column":27},"end":{"line":91,"column":67}}},"fnMap":{"0":{"name":"(anonymous_0)","decl":{"start":{"line":32,"column":28},"end":{"line":32,"column":29}},"loc":{"start":{"line":32,"column":34},"end":{"line":112,"column":1}},"line":32},"1":{"name":"(anonymous_1)","decl":{"start":{"line":38,"column":12},"end":{"line":38,"column":13}},"loc":{"start":{"line":38,"column":18},"end":{"line":42,"column":3}},"line":38},"2":{"name":"(anonymous_2)","decl":{"start":{"line":39,"column":30},"end":{"line":39,"column":31}},"loc":{"start":{"line":39,"column":42},"end":{"line":41,"column":5}},"line":39},"3":{"name":"(anonymous_3)","decl":{"start":{"line":44,"column":40},"end":{"line":44,"column":41}},"loc":{"start":{"line":44,"column":46},"end":{"line":46,"column":3}},"line":44},"4":{"name":"(anonymous_4)","decl":{"start":{"line":48,"column":38},"end":{"line":48,"column":39}},"loc":{"start":{"line":48,"column":44},"end":{"line":50,"column":3}},"line":48},"5":{"name":"(anonymous_5)","decl":{"start":{"line":53,"column":4},"end":{"line":53,"column":5}},"loc":{"start":{"line":53,"column":28},"end":{"line":55,"column":5}},"line":53},"6":{"name":"(anonymous_6)","decl":{"start":{"line":88,"column":22},"end":{"line":88,"column":23}},"loc":{"start":{"line":88,"column":34},"end":{"line":88,"column":45}},"line":88},"7":{"name":"(anonymous_7)","decl":{"start":{"line":89,"column":20},"end":{"line":89,"column":21}},"loc":{"start":{"line":90,"column":10},"end":{"line":107,"column":30}},"line":90},"8":{"name":"(anonymous_8)","decl":{"start":{"line":91,"column":21},"end":{"line":91,"column":22}},"loc":{"start":{"line":91,"column":27},"end":{"line":91,"column":67}},"line":91}},"branchMap":{"0":{"loc":{"start":{"line":72,"column":16},"end":{"line":73,"column":75}},"type":"binary-expr","locations":[{"start":{"line":72,"column":16},"end":{"line":72,"column":31}},{"start":{"line":73,"column":16},"end":{"line":73,"column":75}}],"line":72}},"s":{"0":0,"1":0,"2":0,"3":0,"4":0,"5":0,"6":0,"7":0,"8":0,"9":0,"10":0,"11":0,"12":0,"13":0,"14":0,"15":0,"16":0},"f":{"0":0,"1":0,"2":0,"3":0,"4":0,"5":0,"6":0,"7":0,"8":0},"b":{"0":[0,0]},"hash":"38f475f2a71f2d8db942e96e8fbf051ad774f91d"}
,"C:\\Users\\Maycon_2\\Documents\\BootCamp\\Nivel_3\\gobarberapp\\src\\pages\\Profile\\index.tsx": {"path":"C:\\Users\\Maycon_2\\Documents\\BootCamp\\Nivel_3\\gobarberapp\\src\\pages\\Profile\\index.tsx","statementMap":{"0":{"start":{"line":44,"column":26},"end":{"line":282,"column":1}},"1":{"start":{"line":45,"column":31},"end":{"line":45,"column":40}},"2":{"start":{"line":46,"column":18},"end":{"line":46,"column":43}},"3":{"start":{"line":47,"column":21},"end":{"line":47,"column":36}},"4":{"start":{"line":49,"column":24},"end":{"line":49,"column":47}},"5":{"start":{"line":50,"column":30},"end":{"line":50,"column":53}},"6":{"start":{"line":51,"column":27},"end":{"line":51,"column":50}},"7":{"start":{"line":52,"column":34},"end":{"line":52,"column":57}},"8":{"start":{"line":55,"column":23},"end":{"line":126,"column":3}},"9":{"start":{"line":57,"column":6},"end":{"line":123,"column":7}},"10":{"start":{"line":58,"column":8},"end":{"line":58,"column":39}},"11":{"start":{"line":60,"column":23},"end":{"line":80,"column":10}},"12":{"start":{"line":67,"column":23},"end":{"line":67,"column":35}},"13":{"start":{"line":75,"column":25},"end":{"line":75,"column":37}},"14":{"start":{"line":82,"column":8},"end":{"line":82,"column":59}},"15":{"start":{"line":90,"column":12},"end":{"line":90,"column":16}},"16":{"start":{"line":92,"column":25},"end":{"line":102,"column":9}},"17":{"start":{"line":104,"column":25},"end":{"line":104,"column":59}},"18":{"start":{"line":106,"column":8},"end":{"line":106,"column":34}},"19":{"start":{"line":108,"column":8},"end":{"line":108,"column":54}},"20":{"start":{"line":109,"column":8},"end":{"line":109,"column":28}},"21":{"start":{"line":111,"column":8},"end":{"line":117,"column":9}},"22":{"start":{"line":112,"column":25},"end":{"line":112,"column":49}},"23":{"start":{"line":114,"column":10},"end":{"line":114,"column":45}},"24":{"start":{"line":116,"column":10},"end":{"line":116,"column":17}},"25":{"start":{"line":119,"column":8},"end":{"line":122,"column":10}},"26":{"start":{"line":128,"column":29},"end":{"line":161,"column":27}},"27":{"start":{"line":129,"column":4},"end":{"line":160,"column":6}},"28":{"start":{"line":137,"column":8},"end":{"line":139,"column":9}},"29":{"start":{"line":138,"column":10},"end":{"line":138,"column":17}},"30":{"start":{"line":141,"column":8},"end":{"line":144,"column":9}},"31":{"start":{"line":142,"column":10},"end":{"line":142,"column":55}},"32":{"start":{"line":143,"column":10},"end":{"line":143,"column":17}},"33":{"start":{"line":146,"column":21},"end":{"line":146,"column":35}},"34":{"start":{"line":148,"column":21},"end":{"line":152,"column":9}},"35":{"start":{"line":154,"column":8},"end":{"line":154,"column":43}},"36":{"start":{"line":156,"column":8},"end":{"line":158,"column":11}},"37":{"start":{"line":157,"column":10},"end":{"line":157,"column":36}},"38":{"start":{"line":163,"column":23},"end":{"line":165,"column":18}},"39":{"start":{"line":164,"column":4},"end":{"line":164,"column":24}},"40":{"start":{"line":167,"column":2},"end":{"line":281,"column":4}},"41":{"start":{"line":181,"column":16},"end":{"line":181,"column":29}},"42":{"start":{"line":189,"column":16},"end":{"line":189,"column":35}},"43":{"start":{"line":215,"column":18},"end":{"line":215,"column":49}},"44":{"start":{"line":229,"column":18},"end":{"line":229,"column":55}},"45":{"start":{"line":242,"column":18},"end":{"line":242,"column":52}},"46":{"start":{"line":256,"column":18},"end":{"line":256,"column":59}},"47":{"start":{"line":269,"column":18},"end":{"line":269,"column":48}},"48":{"start":{"line":273,"column":37},"end":{"line":273,"column":66}}},"fnMap":{"0":{"name":"(anonymous_0)","decl":{"start":{"line":44,"column":26},"end":{"line":44,"column":27}},"loc":{"start":{"line":44,"column":32},"end":{"line":282,"column":1}},"line":44},"1":{"name":"(anonymous_1)","decl":{"start":{"line":56,"column":4},"end":{"line":56,"column":5}},"loc":{"start":{"line":56,"column":37},"end":{"line":124,"column":5}},"line":56},"2":{"name":"(anonymous_2)","decl":{"start":{"line":67,"column":16},"end":{"line":67,"column":17}},"loc":{"start":{"line":67,"column":23},"end":{"line":67,"column":35}},"line":67},"3":{"name":"(anonymous_3)","decl":{"start":{"line":75,"column":18},"end":{"line":75,"column":19}},"loc":{"start":{"line":75,"column":25},"end":{"line":75,"column":37}},"line":75},"4":{"name":"(anonymous_4)","decl":{"start":{"line":128,"column":41},"end":{"line":128,"column":42}},"loc":{"start":{"line":128,"column":47},"end":{"line":161,"column":3}},"line":128},"5":{"name":"(anonymous_5)","decl":{"start":{"line":136,"column":6},"end":{"line":136,"column":7}},"loc":{"start":{"line":136,"column":23},"end":{"line":159,"column":7}},"line":136},"6":{"name":"(anonymous_6)","decl":{"start":{"line":156,"column":45},"end":{"line":156,"column":46}},"loc":{"start":{"line":156,"column":57},"end":{"line":158,"column":9}},"line":156},"7":{"name":"(anonymous_7)","decl":{"start":{"line":163,"column":35},"end":{"line":163,"column":36}},"loc":{"start":{"line":163,"column":41},"end":{"line":165,"column":3}},"line":163},"8":{"name":"(anonymous_8)","decl":{"start":{"line":180,"column":23},"end":{"line":180,"column":24}},"loc":{"start":{"line":180,"column":29},"end":{"line":182,"column":15}},"line":180},"9":{"name":"(anonymous_9)","decl":{"start":{"line":188,"column":23},"end":{"line":188,"column":24}},"loc":{"start":{"line":188,"column":29},"end":{"line":190,"column":15}},"line":188},"10":{"name":"(anonymous_10)","decl":{"start":{"line":214,"column":33},"end":{"line":214,"column":34}},"loc":{"start":{"line":214,"column":39},"end":{"line":216,"column":17}},"line":214},"11":{"name":"(anonymous_11)","decl":{"start":{"line":228,"column":33},"end":{"line":228,"column":34}},"loc":{"start":{"line":228,"column":39},"end":{"line":230,"column":17}},"line":228},"12":{"name":"(anonymous_12)","decl":{"start":{"line":241,"column":33},"end":{"line":241,"column":34}},"loc":{"start":{"line":241,"column":39},"end":{"line":243,"column":17}},"line":241},"13":{"name":"(anonymous_13)","decl":{"start":{"line":255,"column":33},"end":{"line":255,"column":34}},"loc":{"start":{"line":255,"column":39},"end":{"line":257,"column":17}},"line":255},"14":{"name":"(anonymous_14)","decl":{"start":{"line":268,"column":33},"end":{"line":268,"column":34}},"loc":{"start":{"line":268,"column":39},"end":{"line":270,"column":17}},"line":268},"15":{"name":"(anonymous_15)","decl":{"start":{"line":273,"column":31},"end":{"line":273,"column":32}},"loc":{"start":{"line":273,"column":37},"end":{"line":273,"column":66}},"line":273}},"branchMap":{"0":{"loc":{"start":{"line":95,"column":14},"end":{"line":101,"column":16}},"type":"cond-expr","locations":[{"start":{"line":96,"column":14},"end":{"line":100,"column":15}},{"start":{"line":101,"column":14},"end":{"line":101,"column":16}}],"line":95},"1":{"loc":{"start":{"line":111,"column":8},"end":{"line":117,"column":9}},"type":"if","locations":[{"start":{"line":111,"column":8},"end":{"line":117,"column":9}},{"start":{"line":111,"column":8},"end":{"line":117,"column":9}}],"line":111},"2":{"loc":{"start":{"line":137,"column":8},"end":{"line":139,"column":9}},"type":"if","locations":[{"start":{"line":137,"column":8},"end":{"line":139,"column":9}},{"start":{"line":137,"column":8},"end":{"line":139,"column":9}}],"line":137},"3":{"loc":{"start":{"line":141,"column":8},"end":{"line":144,"column":9}},"type":"if","locations":[{"start":{"line":141,"column":8},"end":{"line":144,"column":9}},{"start":{"line":141,"column":8},"end":{"line":144,"column":9}}],"line":141},"4":{"loc":{"start":{"line":171,"column":18},"end":{"line":171,"column":63}},"type":"cond-expr","locations":[{"start":{"line":171,"column":42},"end":{"line":171,"column":51}},{"start":{"line":171,"column":54},"end":{"line":171,"column":63}}],"line":171},"5":{"loc":{"start":{"line":195,"column":20},"end":{"line":196,"column":79}},"type":"binary-expr","locations":[{"start":{"line":195,"column":20},"end":{"line":195,"column":35}},{"start":{"line":196,"column":20},"end":{"line":196,"column":79}}],"line":195}},"s":{"0":0,"1":0,"2":0,"3":0,"4":0,"5":0,"6":0,"7":0,"8":0,"9":0,"10":0,"11":0,"12":0,"13":0,"14":0,"15":0,"16":0,"17":0,"18":0,"19":0,"20":0,"21":0,"22":0,"23":0,"24":0,"25":0,"26":0,"27":0,"28":0,"29":0,"30":0,"31":0,"32":0,"33":0,"34":0,"35":0,"36":0,"37":0,"38":0,"39":0,"40":0,"41":0,"42":0,"43":0,"44":0,"45":0,"46":0,"47":0,"48":0},"f":{"0":0,"1":0,"2":0,"3":0,"4":0,"5":0,"6":0,"7":0,"8":0,"9":0,"10":0,"11":0,"12":0,"13":0,"14":0,"15":0},"b":{"0":[0,0],"1":[0,0],"2":[0,0],"3":[0,0],"4":[0,0],"5":[0,0]},"hash":"5550e8ad7f0ec35872e91a3d65cd9a7d4f21bb6e"}
,"C:\\Users\\Maycon_2\\Documents\\BootCamp\\Nivel_3\\gobarberapp\\src\\pages\\SignIn\\index.tsx": {"path":"C:\\Users\\Maycon_2\\Documents\\BootCamp\\Nivel_3\\gobarberapp\\src\\pages\\SignIn\\index.tsx","statementMap":{"0":{"start":{"line":38,"column":25},"end":{"line":158,"column":1}},"1":{"start":{"line":40,"column":18},"end":{"line":40,"column":43}},"2":{"start":{"line":41,"column":27},"end":{"line":41,"column":50}},"3":{"start":{"line":43,"column":21},"end":{"line":43,"column":36}},"4":{"start":{"line":45,"column":21},"end":{"line":45,"column":30}},"5":{"start":{"line":48,"column":23},"end":{"line":87,"column":3}},"6":{"start":{"line":50,"column":6},"end":{"line":84,"column":7}},"7":{"start":{"line":51,"column":8},"end":{"line":51,"column":39}},"8":{"start":{"line":54,"column":23},"end":{"line":59,"column":10}},"9":{"start":{"line":62,"column":8},"end":{"line":64,"column":11}},"10":{"start":{"line":67,"column":8},"end":{"line":70,"column":11}},"11":{"start":{"line":72,"column":8},"end":{"line":78,"column":9}},"12":{"start":{"line":73,"column":25},"end":{"line":73,"column":49}},"13":{"start":{"line":75,"column":10},"end":{"line":75,"column":45}},"14":{"start":{"line":77,"column":10},"end":{"line":77,"column":17}},"15":{"start":{"line":80,"column":8},"end":{"line":83,"column":10}},"16":{"start":{"line":89,"column":2},"end":{"line":157,"column":4}},"17":{"start":{"line":117,"column":18},"end":{"line":117,"column":52}},"18":{"start":{"line":128,"column":18},"end":{"line":128,"column":48}},"19":{"start":{"line":134,"column":18},"end":{"line":134,"column":48}},"20":{"start":{"line":143,"column":16},"end":{"line":143,"column":38}},"21":{"start":{"line":152,"column":42},"end":{"line":152,"column":71}}},"fnMap":{"0":{"name":"(anonymous_0)","decl":{"start":{"line":38,"column":25},"end":{"line":38,"column":26}},"loc":{"start":{"line":38,"column":31},"end":{"line":158,"column":1}},"line":38},"1":{"name":"(anonymous_1)","decl":{"start":{"line":49,"column":4},"end":{"line":49,"column":5}},"loc":{"start":{"line":49,"column":36},"end":{"line":85,"column":5}},"line":49},"2":{"name":"(anonymous_2)","decl":{"start":{"line":116,"column":33},"end":{"line":116,"column":34}},"loc":{"start":{"line":116,"column":39},"end":{"line":118,"column":17}},"line":116},"3":{"name":"(anonymous_3)","decl":{"start":{"line":127,"column":33},"end":{"line":127,"column":34}},"loc":{"start":{"line":127,"column":39},"end":{"line":129,"column":17}},"line":127},"4":{"name":"(anonymous_4)","decl":{"start":{"line":133,"column":25},"end":{"line":133,"column":26}},"loc":{"start":{"line":133,"column":31},"end":{"line":135,"column":17}},"line":133},"5":{"name":"(anonymous_5)","decl":{"start":{"line":142,"column":23},"end":{"line":142,"column":24}},"loc":{"start":{"line":142,"column":29},"end":{"line":144,"column":15}},"line":142},"6":{"name":"(anonymous_6)","decl":{"start":{"line":152,"column":36},"end":{"line":152,"column":37}},"loc":{"start":{"line":152,"column":42},"end":{"line":152,"column":71}},"line":152}},"branchMap":{"0":{"loc":{"start":{"line":72,"column":8},"end":{"line":78,"column":9}},"type":"if","locations":[{"start":{"line":72,"column":8},"end":{"line":78,"column":9}},{"start":{"line":72,"column":8},"end":{"line":78,"column":9}}],"line":72},"1":{"loc":{"start":{"line":93,"column":18},"end":{"line":93,"column":63}},"type":"cond-expr","locations":[{"start":{"line":93,"column":42},"end":{"line":93,"column":51}},{"start":{"line":93,"column":54},"end":{"line":93,"column":63}}],"line":93}},"s":{"0":1,"1":1,"2":1,"3":1,"4":1,"5":1,"6":0,"7":0,"8":0,"9":0,"10":0,"11":0,"12":0,"13":0,"14":0,"15":0,"16":1,"17":0,"18":0,"19":0,"20":0,"21":0},"f":{"0":1,"1":0,"2":0,"3":0,"4":0,"5":0,"6":0},"b":{"0":[0,0],"1":[1,0]},"_coverageSchema":"43e27e138ebf9cfc5966b082cf9a028302ed4184","hash":"55af3937bffe63b1fe55152e0b256c8c57f2030b"}
,"C:\\Users\\Maycon_2\\Documents\\BootCamp\\Nivel_3\\gobarberapp\\src\\pages\\SignUp\\index.tsx": {"path":"C:\\Users\\Maycon_2\\Documents\\BootCamp\\Nivel_3\\gobarberapp\\src\\pages\\SignUp\\index.tsx","statementMap":{"0":{"start":{"line":34,"column":25},"end":{"line":152,"column":1}},"1":{"start":{"line":35,"column":18},"end":{"line":35,"column":43}},"2":{"start":{"line":36,"column":21},"end":{"line":36,"column":36}},"3":{"start":{"line":38,"column":24},"end":{"line":38,"column":47}},"4":{"start":{"line":39,"column":27},"end":{"line":39,"column":50}},"5":{"start":{"line":42,"column":23},"end":{"line":80,"column":8}},"6":{"start":{"line":43,"column":4},"end":{"line":79,"column":5}},"7":{"start":{"line":44,"column":6},"end":{"line":44,"column":37}},"8":{"start":{"line":46,"column":21},"end":{"line":52,"column":8}},"9":{"start":{"line":54,"column":6},"end":{"line":56,"column":9}},"10":{"start":{"line":58,"column":6},"end":{"line":58,"column":37}},"11":{"start":{"line":60,"column":6},"end":{"line":63,"column":8}},"12":{"start":{"line":65,"column":6},"end":{"line":65,"column":26}},"13":{"start":{"line":67,"column":6},"end":{"line":73,"column":7}},"14":{"start":{"line":68,"column":23},"end":{"line":68,"column":47}},"15":{"start":{"line":70,"column":8},"end":{"line":70,"column":43}},"16":{"start":{"line":72,"column":8},"end":{"line":72,"column":15}},"17":{"start":{"line":75,"column":6},"end":{"line":78,"column":8}},"18":{"start":{"line":82,"column":2},"end":{"line":151,"column":4}},"19":{"start":{"line":107,"column":18},"end":{"line":107,"column":49}},"20":{"start":{"line":121,"column":18},"end":{"line":121,"column":52}},"21":{"start":{"line":134,"column":18},"end":{"line":134,"column":48}},"22":{"start":{"line":138,"column":37},"end":{"line":138,"column":66}},"23":{"start":{"line":146,"column":35},"end":{"line":146,"column":64}}},"fnMap":{"0":{"name":"(anonymous_0)","decl":{"start":{"line":34,"column":25},"end":{"line":34,"column":26}},"loc":{"start":{"line":34,"column":31},"end":{"line":152,"column":1}},"line":34},"1":{"name":"(anonymous_1)","decl":{"start":{"line":42,"column":35},"end":{"line":42,"column":36}},"loc":{"start":{"line":42,"column":67},"end":{"line":80,"column":3}},"line":42},"2":{"name":"(anonymous_2)","decl":{"start":{"line":106,"column":33},"end":{"line":106,"column":34}},"loc":{"start":{"line":106,"column":39},"end":{"line":108,"column":17}},"line":106},"3":{"name":"(anonymous_3)","decl":{"start":{"line":120,"column":33},"end":{"line":120,"column":34}},"loc":{"start":{"line":120,"column":39},"end":{"line":122,"column":17}},"line":120},"4":{"name":"(anonymous_4)","decl":{"start":{"line":133,"column":33},"end":{"line":133,"column":34}},"loc":{"start":{"line":133,"column":39},"end":{"line":135,"column":17}},"line":133},"5":{"name":"(anonymous_5)","decl":{"start":{"line":138,"column":31},"end":{"line":138,"column":32}},"loc":{"start":{"line":138,"column":37},"end":{"line":138,"column":66}},"line":138},"6":{"name":"(anonymous_6)","decl":{"start":{"line":146,"column":29},"end":{"line":146,"column":30}},"loc":{"start":{"line":146,"column":35},"end":{"line":146,"column":64}},"line":146}},"branchMap":{"0":{"loc":{"start":{"line":67,"column":6},"end":{"line":73,"column":7}},"type":"if","locations":[{"start":{"line":67,"column":6},"end":{"line":73,"column":7}},{"start":{"line":67,"column":6},"end":{"line":73,"column":7}}],"line":67},"1":{"loc":{"start":{"line":86,"column":18},"end":{"line":86,"column":63}},"type":"cond-expr","locations":[{"start":{"line":86,"column":42},"end":{"line":86,"column":51}},{"start":{"line":86,"column":54},"end":{"line":86,"column":63}}],"line":86}},"s":{"0":0,"1":0,"2":0,"3":0,"4":0,"5":0,"6":0,"7":0,"8":0,"9":0,"10":0,"11":0,"12":0,"13":0,"14":0,"15":0,"16":0,"17":0,"18":0,"19":0,"20":0,"21":0,"22":0,"23":0},"f":{"0":0,"1":0,"2":0,"3":0,"4":0,"5":0,"6":0},"b":{"0":[0,0],"1":[0,0]},"hash":"0fc69f733787605f7e69850f1480c607ecd17c50"}
}
