TN:
SF:C:\Users\Maycon_2\Documents\BootCamp\Nivel_3\gobarberapp\src\components\Button\index.tsx
FN:11,(anonymous_0)
FNF:1
FNH:1
FNDA:1,(anonymous_0)
DA:11,1
DA:12,1
LF:2
LH:2
BRF:0
BRH:0
end_of_record
TN:
SF:C:\Users\Maycon_2\Documents\BootCamp\Nivel_3\gobarberapp\src\components\Input\index.tsx
FN:28,(anonymous_0)
FN:40,(anonymous_1)
FN:44,(anonymous_2)
FN:50,(anonymous_3)
FN:51,(anonymous_4)
FN:56,(anonymous_5)
FN:61,(anonymous_6)
FN:66,(anonymous_7)
FN:87,(anonymous_8)
FNF:9
FNH:3
FNDA:2,(anonymous_0)
FNDA:0,(anonymous_1)
FNDA:0,(anonymous_2)
FNDA:1,(anonymous_3)
FNDA:0,(anonymous_4)
FNDA:2,(anonymous_5)
FNDA:0,(anonymous_6)
FNDA:0,(anonymous_7)
FNDA:0,(anonymous_8)
DA:28,1
DA:32,2
DA:34,2
DA:35,2
DA:37,2
DA:38,2
DA:40,2
DA:41,0
DA:44,2
DA:45,0
DA:47,0
DA:50,2
DA:52,0
DA:56,2
DA:57,2
DA:62,0
DA:64,0
DA:67,0
DA:68,0
DA:73,2
DA:88,0
LF:21
LH:12
BRDA:29,0,0,2
BRDA:34,1,0,2
BRDA:78,2,0,0
BRDA:78,2,1,2
BRDA:78,3,0,2
BRDA:78,3,1,2
BRF:6
BRH:5
end_of_record
TN:
SF:C:\Users\Maycon_2\Documents\BootCamp\Nivel_3\gobarberapp\src\hooks\auth.tsx
FN:38,(anonymous_0)
FN:45,(anonymous_1)
FN:46,loadStorageData
FN:66,(anonymous_3)
FN:87,(anonymous_4)
FN:93,(anonymous_5)
FN:113,useAuth
FNF:7
FNH:1
FNDA:0,(anonymous_0)
FNDA:0,(anonymous_1)
FNDA:0,loadStorageData
FNDA:0,(anonymous_3)
FNDA:0,(anonymous_4)
FNDA:0,(anonymous_5)
FNDA:1,useAuth
DA:36,1
DA:38,1
DA:41,0
DA:43,0
DA:45,0
DA:48,0
DA:54,0
DA:55,0
DA:57,0
DA:60,0
DA:62,0
DA:66,0
DA:69,0
DA:74,0
DA:77,0
DA:82,0
DA:84,0
DA:87,0
DA:88,0
DA:89,0
DA:92,0
DA:94,0
DA:96,0
DA:104,0
DA:114,1
DA:116,1
DA:117,0
DA:120,1
LF:28
LH:5
BRDA:54,0,0,0
BRDA:54,0,1,0
BRDA:54,1,0,0
BRDA:54,1,1,0
BRDA:116,2,0,0
BRDA:116,2,1,1
BRF:6
BRH:1
end_of_record
TN:
SF:C:\Users\Maycon_2\Documents\BootCamp\Nivel_3\gobarberapp\src\pages\AppointmentCreated\index.tsx
FN:19,(anonymous_0)
FN:25,(anonymous_1)
FN:32,(anonymous_2)
FNF:3
FNH:0
FNDA:0,(anonymous_0)
FNDA:0,(anonymous_1)
FNDA:0,(anonymous_2)
DA:19,0
DA:20,0
DA:21,0
DA:23,0
DA:25,0
DA:26,0
DA:32,0
DA:33,0
DA:38,0
LF:9
LH:0
BRF:0
BRH:0
end_of_record
TN:
SF:C:\Users\Maycon_2\Documents\BootCamp\Nivel_3\gobarberapp\src\pages\CreateAppointment\index.tsx
FN:51,(anonymous_0)
FN:65,(anonymous_1)
FN:66,(anonymous_2)
FN:71,(anonymous_3)
FN:75,(anonymous_4)
FN:79,(anonymous_5)
FN:80,(anonymous_6)
FN:83,(anonymous_7)
FN:95,(anonymous_8)
FN:104,(anonymous_9)
FN:109,(anonymous_10)
FN:111,(anonymous_11)
FN:112,(anonymous_12)
FN:119,(anonymous_13)
FN:121,(anonymous_14)
FN:122,(anonymous_15)
FN:129,(anonymous_16)
FN:133,(anonymous_17)
FN:184,(anonymous_18)
FN:185,(anonymous_19)
FN:187,(anonymous_20)
FN:232,(anonymous_21)
FN:238,(anonymous_22)
FN:253,(anonymous_23)
FN:259,(anonymous_24)
FNF:25
FNH:0
FNDA:0,(anonymous_0)
FNDA:0,(anonymous_1)
FNDA:0,(anonymous_2)
FNDA:0,(anonymous_3)
FNDA:0,(anonymous_4)
FNDA:0,(anonymous_5)
FNDA:0,(anonymous_6)
FNDA:0,(anonymous_7)
FNDA:0,(anonymous_8)
FNDA:0,(anonymous_9)
FNDA:0,(anonymous_10)
FNDA:0,(anonymous_11)
FNDA:0,(anonymous_12)
FNDA:0,(anonymous_13)
FNDA:0,(anonymous_14)
FNDA:0,(anonymous_15)
FNDA:0,(anonymous_16)
FNDA:0,(anonymous_17)
FNDA:0,(anonymous_18)
FNDA:0,(anonymous_19)
FNDA:0,(anonymous_20)
FNDA:0,(anonymous_21)
FNDA:0,(anonymous_22)
FNDA:0,(anonymous_23)
FNDA:0,(anonymous_24)
DA:51,0
DA:52,0
DA:53,0
DA:54,0
DA:55,0
DA:57,0
DA:58,0
DA:61,0
DA:62,0
DA:63,0
DA:65,0
DA:66,0
DA:67,0
DA:71,0
DA:72,0
DA:75,0
DA:76,0
DA:79,0
DA:80,0
DA:83,0
DA:84,0
DA:85,0
DA:88,0
DA:89,0
DA:93,0
DA:95,0
DA:96,0
DA:105,0
DA:109,0
DA:110,0
DA:111,0
DA:112,0
DA:119,0
DA:120,0
DA:121,0
DA:122,0
DA:129,0
DA:130,0
DA:133,0
DA:134,0
DA:135,0
DA:137,0
DA:138,0
DA:140,0
DA:145,0
DA:147,0
DA:154,0
DA:184,0
DA:186,0
DA:187,0
DA:233,0
DA:238,0
DA:254,0
DA:259,0
LF:54
LH:0
BRDA:84,0,0,0
BRDA:84,0,1,0
BRDA:88,1,0,0
BRDA:88,1,1,0
BRDA:166,2,0,0
BRDA:166,2,1,0
BRDA:193,3,0,0
BRDA:193,3,1,0
BRDA:214,4,0,0
BRDA:214,4,1,0
BRF:10
BRH:0
end_of_record
TN:
SF:C:\Users\Maycon_2\Documents\BootCamp\Nivel_3\gobarberapp\src\pages\Dashboard\index.tsx
FN:32,(anonymous_0)
FN:38,(anonymous_1)
FN:39,(anonymous_2)
FN:44,(anonymous_3)
FN:48,(anonymous_4)
FN:53,(anonymous_5)
FN:88,(anonymous_6)
FN:89,(anonymous_7)
FN:91,(anonymous_8)
FNF:9
FNH:0
FNDA:0,(anonymous_0)
FNDA:0,(anonymous_1)
FNDA:0,(anonymous_2)
FNDA:0,(anonymous_3)
FNDA:0,(anonymous_4)
FNDA:0,(anonymous_5)
FNDA:0,(anonymous_6)
FNDA:0,(anonymous_7)
FNDA:0,(anonymous_8)
DA:32,0
DA:33,0
DA:35,0
DA:36,0
DA:38,0
DA:39,0
DA:40,0
DA:44,0
DA:45,0
DA:48,0
DA:49,0
DA:52,0
DA:54,0
DA:59,0
DA:88,0
DA:90,0
DA:91,0
LF:17
LH:0
BRDA:72,0,0,0
BRDA:72,0,1,0
BRF:2
BRH:0
end_of_record
TN:
SF:C:\Users\Maycon_2\Documents\BootCamp\Nivel_3\gobarberapp\src\pages\Profile\index.tsx
FN:44,(anonymous_0)
FN:56,(anonymous_1)
FN:67,(anonymous_2)
FN:75,(anonymous_3)
FN:128,(anonymous_4)
FN:136,(anonymous_5)
FN:156,(anonymous_6)
FN:163,(anonymous_7)
FN:180,(anonymous_8)
FN:188,(anonymous_9)
FN:214,(anonymous_10)
FN:228,(anonymous_11)
FN:241,(anonymous_12)
FN:255,(anonymous_13)
FN:268,(anonymous_14)
FN:273,(anonymous_15)
FNF:16
FNH:0
FNDA:0,(anonymous_0)
FNDA:0,(anonymous_1)
FNDA:0,(anonymous_2)
FNDA:0,(anonymous_3)
FNDA:0,(anonymous_4)
FNDA:0,(anonymous_5)
FNDA:0,(anonymous_6)
FNDA:0,(anonymous_7)
FNDA:0,(anonymous_8)
FNDA:0,(anonymous_9)
FNDA:0,(anonymous_10)
FNDA:0,(anonymous_11)
FNDA:0,(anonymous_12)
FNDA:0,(anonymous_13)
FNDA:0,(anonymous_14)
FNDA:0,(anonymous_15)
DA:44,0
DA:45,0
DA:46,0
DA:47,0
DA:49,0
DA:50,0
DA:51,0
DA:52,0
DA:55,0
DA:57,0
DA:58,0
DA:60,0
DA:67,0
DA:75,0
DA:82,0
DA:90,0
DA:92,0
DA:104,0
DA:106,0
DA:108,0
DA:109,0
DA:111,0
DA:112,0
DA:114,0
DA:116,0
DA:119,0
DA:128,0
DA:129,0
DA:137,0
DA:138,0
DA:141,0
DA:142,0
DA:143,0
DA:146,0
DA:148,0
DA:154,0
DA:156,0
DA:157,0
DA:163,0
DA:164,0
DA:167,0
DA:181,0
DA:189,0
DA:215,0
DA:229,0
DA:242,0
DA:256,0
DA:269,0
DA:273,0
LF:49
LH:0
BRDA:95,0,0,0
BRDA:95,0,1,0
BRDA:111,1,0,0
BRDA:111,1,1,0
BRDA:137,2,0,0
BRDA:137,2,1,0
BRDA:141,3,0,0
BRDA:141,3,1,0
BRDA:171,4,0,0
BRDA:171,4,1,0
BRDA:195,5,0,0
BRDA:195,5,1,0
BRF:12
BRH:0
end_of_record
TN:
SF:C:\Users\Maycon_2\Documents\BootCamp\Nivel_3\gobarberapp\src\pages\SignIn\index.tsx
FN:38,(anonymous_0)
FN:49,(anonymous_1)
FN:116,(anonymous_2)
FN:127,(anonymous_3)
FN:133,(anonymous_4)
FN:142,(anonymous_5)
FN:152,(anonymous_6)
FNF:7
FNH:1
FNDA:1,(anonymous_0)
FNDA:0,(anonymous_1)
FNDA:0,(anonymous_2)
FNDA:0,(anonymous_3)
FNDA:0,(anonymous_4)
FNDA:0,(anonymous_5)
FNDA:0,(anonymous_6)
DA:38,1
DA:40,1
DA:41,1
DA:43,1
DA:45,1
DA:48,1
DA:50,0
DA:51,0
DA:54,0
DA:62,0
DA:67,0
DA:72,0
DA:73,0
DA:75,0
DA:77,0
DA:80,0
DA:89,1
DA:117,0
DA:128,0
DA:134,0
DA:143,0
DA:152,0
LF:22
LH:7
BRDA:72,0,0,0
BRDA:72,0,1,0
BRDA:93,1,0,1
BRDA:93,1,1,0
BRF:4
BRH:1
end_of_record
TN:
SF:C:\Users\Maycon_2\Documents\BootCamp\Nivel_3\gobarberapp\src\pages\SignUp\index.tsx
FN:34,(anonymous_0)
FN:42,(anonymous_1)
FN:106,(anonymous_2)
FN:120,(anonymous_3)
FN:133,(anonymous_4)
FN:138,(anonymous_5)
FN:146,(anonymous_6)
FNF:7
FNH:0
FNDA:0,(anonymous_0)
FNDA:0,(anonymous_1)
FNDA:0,(anonymous_2)
FNDA:0,(anonymous_3)
FNDA:0,(anonymous_4)
FNDA:0,(anonymous_5)
FNDA:0,(anonymous_6)
DA:34,0
DA:35,0
DA:36,0
DA:38,0
DA:39,0
DA:42,0
DA:43,0
DA:44,0
DA:46,0
DA:54,0
DA:58,0
DA:60,0
DA:65,0
DA:67,0
DA:68,0
DA:70,0
DA:72,0
DA:75,0
DA:82,0
DA:107,0
DA:121,0
DA:134,0
DA:138,0
DA:146,0
LF:24
LH:0
BRDA:67,0,0,0
BRDA:67,0,1,0
BRDA:86,1,0,0
BRDA:86,1,1,0
BRF:4
BRH:0
end_of_record
